2015-11-28 16:50:49 INFO  projectLog:70 - Loaded proxies
2015-11-28 16:50:49 INFO  projectLog:70 - Loaded proxies
2015-11-28 16:51:20 INFO  projectLog:70 - Loaded proxies
2015-11-28 16:51:20 INFO  projectLog:70 - Loaded proxies
2015-11-28 16:51:23 INFO  projectLog:55 - Copied data/templates/lazada/ to data/projects/lazada1/
2015-11-28 16:51:23 INFO  projectLog:43 - Done for Project configuration: lazada1
2015-11-28 16:51:31 INFO  projectLog:70 - Loaded proxies
2015-11-28 16:51:31 INFO  projectLog:70 - Loaded proxies
2015-11-28 16:52:39 INFO  projectLog:70 - Loaded proxies
2015-11-28 16:52:39 INFO  projectLog:70 - Loaded proxies
2015-11-28 16:52:51 INFO  projectLog:55 - Copied data/templates/lazada/ to data/projects/lazada1/
2015-11-28 16:52:51 INFO  projectLog:43 - Done for Project configuration: lazada1
2015-11-28 16:52:57 INFO  projectLog:70 - Loaded proxies
2015-11-28 16:52:57 INFO  projectLog:70 - Loaded proxies
2015-11-28 16:53:03 INFO  projectLog:70 - Loaded proxies
2015-11-28 16:53:03 INFO  projectLog:70 - Loaded proxies
2015-11-28 16:53:06 INFO  projectLog:55 - Copied data/templates/lazada/ to data/projects/lazada2/
2015-11-28 16:53:06 INFO  projectLog:43 - Done for Project configuration: lazada2
2015-11-28 16:53:10 INFO  projectLog:70 - Loaded proxies
2015-11-28 16:53:10 INFO  projectLog:70 - Loaded proxies
2015-11-28 16:53:19 INFO  projectLog:70 - Loaded proxies
2015-11-28 16:53:19 INFO  projectLog:70 - Loaded proxies
2015-11-28 16:53:26 INFO  projectLog:96 - START Crawling project: lazada1
2015-11-28 16:53:28 INFO  htmlcrawlerLog:69 - Start crawling: http://www.lazada.vn/trang-diem/?page=1
2015-11-28 16:53:46 INFO  htmlcrawlerLog:69 - Start crawling: http://www.lazada.vn/trang-diem/?page=2
2015-11-28 16:54:09 INFO  htmlcrawlerLog:69 - Start crawling: http://www.lazada.vn/trang-diem/?page=3
2015-11-28 16:54:19 INFO  htmlcrawlerLog:69 - Start crawling: http://www.lazada.vn/trang-diem/?page=4
2015-11-28 16:54:28 INFO  htmlcrawlerLog:69 - Start crawling: http://www.lazada.vn/trang-diem/?page=5
2015-11-28 16:54:37 INFO  htmlcrawlerLog:69 - Start crawling: http://www.lazada.vn/trang-diem/?page=6
2015-11-28 16:54:47 INFO  htmlcrawlerLog:69 - Start crawling: http://www.lazada.vn/trang-diem/?page=7
2015-11-28 16:54:58 INFO  htmlcrawlerLog:69 - Start crawling: http://www.lazada.vn/trang-diem/?page=8
2015-11-28 16:55:08 INFO  htmlcrawlerLog:69 - Start crawling: http://www.lazada.vn/trang-diem/?page=9
2015-11-28 16:55:20 INFO  htmlcrawlerLog:69 - Start crawling: http://www.lazada.vn/trang-diem/?page=10
2015-11-28 16:55:30 INFO  htmlcrawlerLog:69 - Start crawling: http://www.lazada.vn/cham-soc-da-mat/?page=1
2015-11-28 16:55:41 INFO  htmlcrawlerLog:69 - Start crawling: http://www.lazada.vn/cham-soc-da-mat/?page=2
2015-11-28 16:55:50 INFO  htmlcrawlerLog:69 - Start crawling: http://www.lazada.vn/cham-soc-da-mat/?page=3
2015-11-28 16:56:00 INFO  htmlcrawlerLog:69 - Start crawling: http://www.lazada.vn/cham-soc-da-mat/?page=4
